<?xml version="1.0" encoding="UTF-8"?>
<testng-results ignored="0" total="2" passed="2" failed="0" skipped="0">
  <reporter-output>
  </reporter-output>
  <suite started-at="2024-11-17T00:16:17 IST" name="Default suite" finished-at="2024-11-17T00:16:21 IST" duration-ms="3751">
    <groups>
    </groups>
    <test started-at="2024-11-17T00:16:17 IST" name="Default test" finished-at="2024-11-17T00:16:21 IST" duration-ms="3751">
      <class name="com.qa.api.tests.GETAPICall">
        <test-method is-config="true" signature="setup()[pri:0, instance:com.qa.api.tests.GETAPICall@d83da2e]" started-at="2024-11-17T00:16:17 IST" name="setup" finished-at="2024-11-17T00:16:19 IST" duration-ms="1856" status="PASS">
          <reporter-output>
          </reporter-output>
        </test-method> <!-- setup -->
        <test-method signature="getSpecificUserApiTest()[pri:0, instance:com.qa.api.tests.GETAPICall@d83da2e]" started-at="2024-11-17T00:16:19 IST" name="getSpecificUserApiTest" finished-at="2024-11-17T00:16:20 IST" duration-ms="1197" status="PASS">
          <reporter-output>
          </reporter-output>
        </test-method> <!-- getSpecificUserApiTest -->
        <test-method signature="getUsersApiTest()[pri:0, instance:com.qa.api.tests.GETAPICall@d83da2e]" started-at="2024-11-17T00:16:20 IST" name="getUsersApiTest" finished-at="2024-11-17T00:16:21 IST" duration-ms="686" status="PASS">
          <reporter-output>
          </reporter-output>
        </test-method> <!-- getUsersApiTest -->
      </class> <!-- com.qa.api.tests.GETAPICall -->
    </test> <!-- Default test -->
  </suite> <!-- Default suite -->
</testng-results>
